<?xml version="1.0" encoding="UTF-8"?>
<!-- Generated by org.testng.reporters.JUnitReportReporter -->
<testsuite hostname="DESKTOP-U8K08U5" failures="0" tests="1" name="com.itlearn.testcases.SerachTestCase" time="5.895" errors="0" timestamp="2024-08-07T17:16:32 IST" skipped="0">
  <testcase classname="com.itlearn.testcases.SerachTestCase" name="searchCourseTesr" time="5.895"/>
  <system-out/>
</testsuite> <!-- com.itlearn.testcases.SerachTestCase -->
