<?xml version="1.0" encoding="UTF-8"?>
<!-- Generated by org.testng.reporters.JUnitReportReporter -->
<testsuite hostname="DESKTOP-U8K08U5" failures="0" tests="1" name="com.itlearn.testcases.PaymentTestCase" time="11.131" errors="0" timestamp="2024-08-07T17:16:32 IST" skipped="0">
  <testcase classname="com.itlearn.testcases.PaymentTestCase" name="testcourses" time="11.131"/>
  <system-out/>
</testsuite> <!-- com.itlearn.testcases.PaymentTestCase -->
