<?xml version="1.0" encoding="UTF-8"?>
<!-- Generated by org.testng.reporters.JUnitReportReporter -->
<testsuite hostname="DESKTOP-U8K08U5" failures="0" tests="2" name="com.itlearn.testcases.LoginTest" time="1.970" errors="0" timestamp="2024-08-07T17:16:32 IST" skipped="0">
  <testcase classname="com.itlearn.testcases.LoginTest" name="verifyLogin" time="1.936"/>
  <system-out/>
  <testcase classname="com.itlearn.testcases.LoginTest" name="fetchDashboardText" time="0.034"/>
  <system-out/>
</testsuite> <!-- com.itlearn.testcases.LoginTest -->
