<?xml version="1.0" encoding="UTF-8"?>
<!-- Generated by org.testng.reporters.JUnitReportReporter -->
<testsuite hostname="DESKTOP-U8K08U5" failures="0" tests="1" name="com.restassured.RestAssuredImplementationClass" time="3.581" errors="0" timestamp="2024-08-08T15:50:45 IST" skipped="0">
  <testcase classname="com.restassured.RestAssuredImplementationClass" name="getUser" time="3.581"/>
  <system-out/>
</testsuite> <!-- com.restassured.RestAssuredImplementationClass -->
